SpringJUnit4ClassRunner constructor called with [class net.v4lproik.googlanime.ElasticSearchITest].
Instantiating TestContextBootstrapper from class [org.springframework.test.context.support.DefaultTestContextBootstrapper]
Delegating to AnnotationConfigContextLoader to process context configuration [ContextConfigurationAttributes@45485026 declaringClass = 'net.v4lproik.googlanime.ElasticSearchITest', classes = '{class net.v4lproik.googlanime.client.elasticsearch.ElasticsearchTestConfiguration}', locations = '{}', inheritLocations = true, initializers = '{}', inheritInitializers = true, name = [null], contextLoaderClass = 'org.springframework.test.context.ContextLoader'].
Could not find an 'annotation declaring class' for annotation type [org.springframework.test.context.ActiveProfiles] and class [net.v4lproik.googlanime.ElasticSearchITest]
@TestExecutionListeners is not present for class [net.v4lproik.googlanime.ElasticSearchITest]: using defaults.
Loaded default TestExecutionListener class names from location [META-INF/spring.factories]: [org.springframework.test.context.web.ServletTestExecutionListener, org.springframework.test.context.support.DependencyInjectionTestExecutionListener, org.springframework.test.context.support.DirtiesContextTestExecutionListener, org.springframework.test.context.transaction.TransactionalTestExecutionListener, org.springframework.test.context.jdbc.SqlScriptsTestExecutionListener]
Using TestExecutionListeners: [org.springframework.test.context.web.ServletTestExecutionListener@1afd07df, org.springframework.test.context.support.DependencyInjectionTestExecutionListener@5a0fcf50, org.springframework.test.context.support.DirtiesContextTestExecutionListener@43f3bb61, org.springframework.test.context.transaction.TransactionalTestExecutionListener@36930021, org.springframework.test.context.jdbc.SqlScriptsTestExecutionListener@6ced9284]
Retrieved @ProfileValueSourceConfiguration [null] for test class [net.v4lproik.googlanime.ElasticSearchITest]
Retrieved ProfileValueSource type [class org.springframework.test.annotation.SystemProfileValueSource] for class [net.v4lproik.googlanime.ElasticSearchITest]
Retrieved @ProfileValueSourceConfiguration [null] for test class [net.v4lproik.googlanime.ElasticSearchITest]
Retrieved ProfileValueSource type [class org.springframework.test.annotation.SystemProfileValueSource] for class [net.v4lproik.googlanime.ElasticSearchITest]
Retrieved @ProfileValueSourceConfiguration [null] for test class [net.v4lproik.googlanime.ElasticSearchITest]
Retrieved ProfileValueSource type [class org.springframework.test.annotation.SystemProfileValueSource] for class [net.v4lproik.googlanime.ElasticSearchITest]
Retrieved @ProfileValueSourceConfiguration [null] for test class [net.v4lproik.googlanime.ElasticSearchITest]
Retrieved ProfileValueSource type [class org.springframework.test.annotation.SystemProfileValueSource] for class [net.v4lproik.googlanime.ElasticSearchITest]
Retrieved @ProfileValueSourceConfiguration [null] for test class [net.v4lproik.googlanime.ElasticSearchITest]
Retrieved ProfileValueSource type [class org.springframework.test.annotation.SystemProfileValueSource] for class [net.v4lproik.googlanime.ElasticSearchITest]
Performing dependency injection for test context [[DefaultTestContext@1b23b8f7 testClass = ElasticSearchITest, testInstance = null(net.v4lproik.googlanime.ElasticSearchITest), testMethod = [null], testException = [null], mergedContextConfiguration = [MergedContextConfiguration@46446e0c testClass = ElasticSearchITest, locations = '{}', classes = '{class net.v4lproik.googlanime.client.elasticsearch.ElasticsearchTestConfiguration}', contextInitializerClasses = '[]', activeProfiles = '{}', propertySourceLocations = '{}', propertySourceProperties = '{}', contextLoader = 'org.springframework.test.context.support.DelegatingSmartContextLoader', parent = [null]]]].
Delegating to AnnotationConfigContextLoader to load context from [MergedContextConfiguration@46446e0c testClass = ElasticSearchITest, locations = '{}', classes = '{class net.v4lproik.googlanime.client.elasticsearch.ElasticsearchTestConfiguration}', contextInitializerClasses = '[]', activeProfiles = '{}', propertySourceLocations = '{}', propertySourceProperties = '{}', contextLoader = 'org.springframework.test.context.support.DelegatingSmartContextLoader', parent = [null]].
Loading ApplicationContext for merged context configuration [[MergedContextConfiguration@46446e0c testClass = ElasticSearchITest, locations = '{}', classes = '{class net.v4lproik.googlanime.client.elasticsearch.ElasticsearchTestConfiguration}', contextInitializerClasses = '[]', activeProfiles = '{}', propertySourceLocations = '{}', propertySourceProperties = '{}', contextLoader = 'org.springframework.test.context.support.DelegatingSmartContextLoader', parent = [null]]].
Adding [systemProperties] PropertySource with lowest search precedence
Adding [systemEnvironment] PropertySource with lowest search precedence
Initialized StandardEnvironment with PropertySources [systemProperties,systemEnvironment]
Registering annotated classes: {class net.v4lproik.googlanime.client.elasticsearch.ElasticsearchTestConfiguration}
Refreshing org.springframework.context.support.GenericApplicationContext@2b672c8c: startup date [Sun Jun 21 21:23:57 CEST 2015]; root of context hierarchy
Bean factory for org.springframework.context.support.GenericApplicationContext@2b672c8c: org.springframework.beans.factory.support.DefaultListableBeanFactory@61935511: defining beans [org.springframework.context.annotation.internalConfigurationAnnotationProcessor,org.springframework.context.annotation.internalAutowiredAnnotationProcessor,org.springframework.context.annotation.internalRequiredAnnotationProcessor,org.springframework.context.annotation.internalCommonAnnotationProcessor,org.springframework.context.annotation.internalPersistenceAnnotationProcessor,elasticsearchTestConfiguration]; root of factory hierarchy
Creating shared instance of singleton bean 'org.springframework.context.annotation.internalConfigurationAnnotationProcessor'
Creating instance of bean 'org.springframework.context.annotation.internalConfigurationAnnotationProcessor'
Eagerly caching bean 'org.springframework.context.annotation.internalConfigurationAnnotationProcessor' to allow for resolving potential circular references
Finished creating instance of bean 'org.springframework.context.annotation.internalConfigurationAnnotationProcessor'
Searching for key 'spring.profiles.active' in [systemProperties]
Searching for key 'spring.profiles.active' in [systemEnvironment]
PropertySource [systemEnvironment] does not contain 'spring.profiles.active', but found equivalent 'SPRING_PROFILES_ACTIVE'
Found key 'spring.profiles.active' in [systemEnvironment] with type [String] and value 'test'
Adding [class path resource [properties/app-test.properties]] PropertySource with lowest search precedence
Registered bean definition for imported @Configuration class net.v4lproik.googlanime.client.elasticsearch.Config
Registering bean definition for @Bean method net.v4lproik.googlanime.client.elasticsearch.Config.client()
Registering bean definition for @Bean method net.v4lproik.googlanime.client.elasticsearch.Config.node()
Registering bean definition for @Bean method net.v4lproik.googlanime.client.elasticsearch.ElasticsearchTestConfiguration.elasticsearchIndexInitializer()
Successfully enhanced net.v4lproik.googlanime.client.elasticsearch.ElasticsearchTestConfiguration; enhanced class name is: net.v4lproik.googlanime.client.elasticsearch.ElasticsearchTestConfiguration$$EnhancerBySpringCGLIB$$8ecd9ee7
Replacing bean definition 'elasticsearchTestConfiguration' existing class name 'net.v4lproik.googlanime.client.elasticsearch.ElasticsearchTestConfiguration' with enhanced class name 'net.v4lproik.googlanime.client.elasticsearch.ElasticsearchTestConfiguration$$EnhancerBySpringCGLIB$$8ecd9ee7'
Successfully enhanced net.v4lproik.googlanime.client.elasticsearch.Config; enhanced class name is: net.v4lproik.googlanime.client.elasticsearch.Config$$EnhancerBySpringCGLIB$$dd7836e2
Replacing bean definition 'net.v4lproik.googlanime.client.elasticsearch.Config' existing class name 'net.v4lproik.googlanime.client.elasticsearch.Config' with enhanced class name 'net.v4lproik.googlanime.client.elasticsearch.Config$$EnhancerBySpringCGLIB$$dd7836e2'
Creating shared instance of singleton bean 'org.springframework.context.annotation.internalAutowiredAnnotationProcessor'
Creating instance of bean 'org.springframework.context.annotation.internalAutowiredAnnotationProcessor'
Eagerly caching bean 'org.springframework.context.annotation.internalAutowiredAnnotationProcessor' to allow for resolving potential circular references
Finished creating instance of bean 'org.springframework.context.annotation.internalAutowiredAnnotationProcessor'
Creating shared instance of singleton bean 'org.springframework.context.annotation.internalRequiredAnnotationProcessor'
Creating instance of bean 'org.springframework.context.annotation.internalRequiredAnnotationProcessor'
Eagerly caching bean 'org.springframework.context.annotation.internalRequiredAnnotationProcessor' to allow for resolving potential circular references
Finished creating instance of bean 'org.springframework.context.annotation.internalRequiredAnnotationProcessor'
Creating shared instance of singleton bean 'org.springframework.context.annotation.internalCommonAnnotationProcessor'
Creating instance of bean 'org.springframework.context.annotation.internalCommonAnnotationProcessor'
Eagerly caching bean 'org.springframework.context.annotation.internalCommonAnnotationProcessor' to allow for resolving potential circular references
Finished creating instance of bean 'org.springframework.context.annotation.internalCommonAnnotationProcessor'
Creating shared instance of singleton bean 'org.springframework.context.annotation.internalPersistenceAnnotationProcessor'
Creating instance of bean 'org.springframework.context.annotation.internalPersistenceAnnotationProcessor'
Eagerly caching bean 'org.springframework.context.annotation.internalPersistenceAnnotationProcessor' to allow for resolving potential circular references
Finished creating instance of bean 'org.springframework.context.annotation.internalPersistenceAnnotationProcessor'
Creating shared instance of singleton bean 'org.springframework.context.annotation.ConfigurationClassPostProcessor.importAwareProcessor'
Creating instance of bean 'org.springframework.context.annotation.ConfigurationClassPostProcessor.importAwareProcessor'
Eagerly caching bean 'org.springframework.context.annotation.ConfigurationClassPostProcessor.importAwareProcessor' to allow for resolving potential circular references
Finished creating instance of bean 'org.springframework.context.annotation.ConfigurationClassPostProcessor.importAwareProcessor'
Creating shared instance of singleton bean 'org.springframework.context.annotation.ConfigurationClassPostProcessor.enhancedConfigurationProcessor'
Creating instance of bean 'org.springframework.context.annotation.ConfigurationClassPostProcessor.enhancedConfigurationProcessor'
Eagerly caching bean 'org.springframework.context.annotation.ConfigurationClassPostProcessor.enhancedConfigurationProcessor' to allow for resolving potential circular references
Finished creating instance of bean 'org.springframework.context.annotation.ConfigurationClassPostProcessor.enhancedConfigurationProcessor'
Unable to locate MessageSource with name 'messageSource': using default [org.springframework.context.support.DelegatingMessageSource@6a351ddc]
Unable to locate ApplicationEventMulticaster with name 'applicationEventMulticaster': using default [org.springframework.context.event.SimpleApplicationEventMulticaster@6d9c83b2]
Pre-instantiating singletons in org.springframework.beans.factory.support.DefaultListableBeanFactory@61935511: defining beans [org.springframework.context.annotation.internalConfigurationAnnotationProcessor,org.springframework.context.annotation.internalAutowiredAnnotationProcessor,org.springframework.context.annotation.internalRequiredAnnotationProcessor,org.springframework.context.annotation.internalCommonAnnotationProcessor,org.springframework.context.annotation.internalPersistenceAnnotationProcessor,elasticsearchTestConfiguration,org.springframework.context.annotation.ConfigurationClassPostProcessor.importAwareProcessor,org.springframework.context.annotation.ConfigurationClassPostProcessor.enhancedConfigurationProcessor,net.v4lproik.googlanime.client.elasticsearch.Config,client,node,elasticsearchIndexInitializer]; root of factory hierarchy
Returning cached instance of singleton bean 'org.springframework.context.annotation.internalConfigurationAnnotationProcessor'
Returning cached instance of singleton bean 'org.springframework.context.annotation.internalAutowiredAnnotationProcessor'
Returning cached instance of singleton bean 'org.springframework.context.annotation.internalRequiredAnnotationProcessor'
Returning cached instance of singleton bean 'org.springframework.context.annotation.internalCommonAnnotationProcessor'
Returning cached instance of singleton bean 'org.springframework.context.annotation.internalPersistenceAnnotationProcessor'
Creating shared instance of singleton bean 'elasticsearchTestConfiguration'
Creating instance of bean 'elasticsearchTestConfiguration'
Eagerly caching bean 'elasticsearchTestConfiguration' to allow for resolving potential circular references
Finished creating instance of bean 'elasticsearchTestConfiguration'
Returning cached instance of singleton bean 'org.springframework.context.annotation.ConfigurationClassPostProcessor.importAwareProcessor'
Returning cached instance of singleton bean 'org.springframework.context.annotation.ConfigurationClassPostProcessor.enhancedConfigurationProcessor'
Creating shared instance of singleton bean 'net.v4lproik.googlanime.client.elasticsearch.Config'
Creating instance of bean 'net.v4lproik.googlanime.client.elasticsearch.Config'
Registered injected element on class [net.v4lproik.googlanime.client.elasticsearch.Config$$EnhancerBySpringCGLIB$$dd7836e2]: AutowiredFieldElement for private org.springframework.core.env.Environment net.v4lproik.googlanime.client.elasticsearch.Config.env
Eagerly caching bean 'net.v4lproik.googlanime.client.elasticsearch.Config' to allow for resolving potential circular references
Processing injected element of bean 'net.v4lproik.googlanime.client.elasticsearch.Config': AutowiredFieldElement for private org.springframework.core.env.Environment net.v4lproik.googlanime.client.elasticsearch.Config.env
Returning cached instance of singleton bean 'environment'
Autowiring by type from bean name 'net.v4lproik.googlanime.client.elasticsearch.Config' to bean named 'environment'
Finished creating instance of bean 'net.v4lproik.googlanime.client.elasticsearch.Config'
Creating shared instance of singleton bean 'client'
Creating instance of bean 'client'
Returning cached instance of singleton bean 'net.v4lproik.googlanime.client.elasticsearch.Config'
Creating shared instance of singleton bean 'node'
Creating instance of bean 'node'
Returning cached instance of singleton bean 'net.v4lproik.googlanime.client.elasticsearch.Config'
Searching for key 'elasticsearch.host' in [systemProperties]
Searching for key 'elasticsearch.host' in [systemEnvironment]
Searching for key 'elasticsearch.host' in [class path resource [properties/app-test.properties]]
Found key 'elasticsearch.host' in [class path resource [properties/app-test.properties]] with type [String] and value '192.168.59.103'
[Aliyah Bishop] [/Users/jrousseau/Programmation/perso/googlanime/backend/plugins] directory does not exist.
[Aliyah Bishop] [/Users/jrousseau/Programmation/perso/googlanime/backend/plugins] directory does not exist.
[Aliyah Bishop] loaded [], sites []
using encoder [VanillaChunkDecoder] and decoder[{}] 
[Aliyah Bishop] creating thread_pool [generic], type [cached], keep_alive [30s]
[Aliyah Bishop] creating thread_pool [index], type [fixed], size [4], queue_size [200]
[Aliyah Bishop] creating thread_pool [bulk], type [fixed], size [4], queue_size [50]
[Aliyah Bishop] creating thread_pool [get], type [fixed], size [4], queue_size [1k]
[Aliyah Bishop] creating thread_pool [search], type [fixed], size [12], queue_size [1k]
[Aliyah Bishop] creating thread_pool [suggest], type [fixed], size [4], queue_size [1k]
[Aliyah Bishop] creating thread_pool [percolate], type [fixed], size [4], queue_size [1k]
[Aliyah Bishop] creating thread_pool [management], type [scaling], min [1], size [5], keep_alive [5m]
[Aliyah Bishop] creating thread_pool [listener], type [fixed], size [2], queue_size [null]
[Aliyah Bishop] creating thread_pool [flush], type [scaling], min [1], size [2], keep_alive [5m]
[Aliyah Bishop] creating thread_pool [merge], type [scaling], min [1], size [2], keep_alive [5m]
[Aliyah Bishop] creating thread_pool [refresh], type [scaling], min [1], size [2], keep_alive [5m]
[Aliyah Bishop] creating thread_pool [warmer], type [scaling], min [1], size [2], keep_alive [5m]
[Aliyah Bishop] creating thread_pool [snapshot], type [scaling], min [1], size [2], keep_alive [5m]
[Aliyah Bishop] creating thread_pool [optimize], type [fixed], size [1], queue_size [null]
using gathering [true]
[Aliyah Bishop] node_sampler_interval[5s]
Using select timeout of 500
Epoll-bug workaround enabled = false
[Aliyah Bishop] adding address [[#transport#-1][v620.local][inet[/192.168.59.103:9300]]]
[Aliyah Bishop] connected to node [[#transport#-1][v620.local][inet[/192.168.59.103:9300]]]
[Aliyah Bishop] connected to node [[Skids][TAgHk62YQpi-UP3ggpdV-w][e998565c87ce][inet[/192.168.59.103:9300]]]
Eagerly caching bean 'node' to allow for resolving potential circular references
Finished creating instance of bean 'node'
Eagerly caching bean 'client' to allow for resolving potential circular references
Finished creating instance of bean 'client'
Returning cached instance of singleton bean 'node'
Creating shared instance of singleton bean 'elasticsearchIndexInitializer'
Creating instance of bean 'elasticsearchIndexInitializer'
Returning cached instance of singleton bean 'elasticsearchTestConfiguration'
Returning cached instance of singleton bean 'client'
Returning cached instance of singleton bean 'node'
Autowiring by type from bean name 'elasticsearchIndexInitializer' via factory method to bean named 'client'
Eagerly caching bean 'elasticsearchIndexInitializer' to allow for resolving potential circular references
Finished creating instance of bean 'elasticsearchIndexInitializer'
Unable to locate LifecycleProcessor with name 'lifecycleProcessor': using default [org.springframework.context.support.DefaultLifecycleProcessor@93935b]
Returning cached instance of singleton bean 'lifecycleProcessor'
Searching for key 'spring.liveBeansView.mbeanDomain' in [systemProperties]
Searching for key 'spring.liveBeansView.mbeanDomain' in [systemEnvironment]
Searching for key 'spring.liveBeansView.mbeanDomain' in [class path resource [properties/app-test.properties]]
Could not find key 'spring.liveBeansView.mbeanDomain' in any property source. Returning [null]
Storing ApplicationContext in cache under key [[MergedContextConfiguration@46446e0c testClass = ElasticSearchITest, locations = '{}', classes = '{class net.v4lproik.googlanime.client.elasticsearch.ElasticsearchTestConfiguration}', contextInitializerClasses = '[]', activeProfiles = '{}', propertySourceLocations = '{}', propertySourceProperties = '{}', contextLoader = 'org.springframework.test.context.support.DelegatingSmartContextLoader', parent = [null]]]
Spring test ApplicationContext cache statistics: [ContextCache@5096a235 size = 1, hitCount = 0, missCount = 1, parentContextCount = 0]
Processing injected element of bean 'net.v4lproik.googlanime.ElasticSearchITest': AutowiredFieldElement for private net.v4lproik.googlanime.client.elasticsearch.ElasticsearchIndexInitializer net.v4lproik.googlanime.ElasticSearchITest.elasticsearchIndexInitializer
Returning cached instance of singleton bean 'elasticsearchIndexInitializer'
Autowiring by type from bean name 'net.v4lproik.googlanime.ElasticSearchITest' to bean named 'elasticsearchIndexInitializer'
Processing injected element of bean 'net.v4lproik.googlanime.ElasticSearchITest': AutowiredFieldElement for private org.elasticsearch.client.Client net.v4lproik.googlanime.ElasticSearchITest.client
Returning cached instance of singleton bean 'client'
Returning cached instance of singleton bean 'node'
Autowiring by type from bean name 'net.v4lproik.googlanime.ElasticSearchITest' to bean named 'client'
After test method: context [DefaultTestContext@1b23b8f7 testClass = ElasticSearchITest, testInstance = null(net.v4lproik.googlanime.ElasticSearchITest), testMethod = elasticsearch_getInformation_fromAnimesIndex_shouldBeOk@ElasticSearchITest, testException = [null], mergedContextConfiguration = [MergedContextConfiguration@46446e0c testClass = ElasticSearchITest, locations = '{}', classes = '{class net.v4lproik.googlanime.client.elasticsearch.ElasticsearchTestConfiguration}', contextInitializerClasses = '[]', activeProfiles = '{}', propertySourceLocations = '{}', propertySourceProperties = '{}', contextLoader = 'org.springframework.test.context.support.DelegatingSmartContextLoader', parent = [null]]], class dirties context [false], class mode [null], method dirties context [false].
After test class: context [DefaultTestContext@1b23b8f7 testClass = ElasticSearchITest, testInstance = [null], testMethod = [null], testException = [null], mergedContextConfiguration = [MergedContextConfiguration@46446e0c testClass = ElasticSearchITest, locations = '{}', classes = '{class net.v4lproik.googlanime.client.elasticsearch.ElasticsearchTestConfiguration}', contextInitializerClasses = '[]', activeProfiles = '{}', propertySourceLocations = '{}', propertySourceProperties = '{}', contextLoader = 'org.springframework.test.context.support.DelegatingSmartContextLoader', parent = [null]]], dirtiesContext [false].
Closing org.springframework.context.support.GenericApplicationContext@2b672c8c: startup date [Sun Jun 21 21:23:57 CEST 2015]; root of context hierarchy
Returning cached instance of singleton bean 'lifecycleProcessor'
Destroying singletons in org.springframework.beans.factory.support.DefaultListableBeanFactory@61935511: defining beans [org.springframework.context.annotation.internalConfigurationAnnotationProcessor,org.springframework.context.annotation.internalAutowiredAnnotationProcessor,org.springframework.context.annotation.internalRequiredAnnotationProcessor,org.springframework.context.annotation.internalCommonAnnotationProcessor,org.springframework.context.annotation.internalPersistenceAnnotationProcessor,elasticsearchTestConfiguration,org.springframework.context.annotation.ConfigurationClassPostProcessor.importAwareProcessor,org.springframework.context.annotation.ConfigurationClassPostProcessor.enhancedConfigurationProcessor,net.v4lproik.googlanime.client.elasticsearch.Config,client,node,elasticsearchIndexInitializer]; root of factory hierarchy
Retrieved dependent beans for bean 'elasticsearchIndexInitializer': [net.v4lproik.googlanime.ElasticSearchITest]
Invoking destroy method 'close' on bean with name 'client'
[Aliyah Bishop] disconnecting from [[Skids][TAgHk62YQpi-UP3ggpdV-w][e998565c87ce][inet[/192.168.59.103:9300]]] due to explicit disconnect call
[Aliyah Bishop] disconnecting from [[#transport#-1][v620.local][inet[/192.168.59.103:9300]]] due to explicit disconnect call
Invoking destroy method 'close' on bean with name 'node'
